{"C:\\Users\\Sirius\\Documents\\sandbox\\AwesomeProject\\AwesomeProject-master\\src\\App.js": {"path":"C:\\Users\\Sirius\\Documents\\sandbox\\AwesomeProject\\AwesomeProject-master\\src\\App.js","statementMap":{"0":{"start":{"line":1,"column":0},"end":{"line":1,"column":57}},"1":{"start":{"line":1,"column":74},"end":{"line":1,"column":566}},"2":{"start":{"line":1,"column":125},"end":{"line":1,"column":367}},"3":{"start":{"line":1,"column":172},"end":{"line":1,"column":180}},"4":{"start":{"line":1,"column":181},"end":{"line":1,"column":232}},"5":{"start":{"line":1,"column":232},"end":{"line":1,"column":261}},"6":{"start":{"line":1,"column":261},"end":{"line":1,"column":310}},"7":{"start":{"line":1,"column":285},"end":{"line":1,"column":310}},"8":{"start":{"line":1,"column":310},"end":{"line":1,"column":366}},"9":{"start":{"line":1,"column":368},"end":{"line":1,"column":563}},"10":{"start":{"line":1,"column":420},"end":{"line":1,"column":485}},"11":{"start":{"line":1,"column":434},"end":{"line":1,"column":485}},"12":{"start":{"line":1,"column":485},"end":{"line":1,"column":542}},"13":{"start":{"line":1,"column":500},"end":{"line":1,"column":542}},"14":{"start":{"line":1,"column":542},"end":{"line":1,"column":561}},"15":{"start":{"line":6,"column":11},"end":{"line":6,"column":27}},"16":{"start":{"line":6,"column":40},"end":{"line":6,"column":70}},"17":{"start":{"line":7,"column":17},"end":{"line":7,"column":40}},"18":{"start":{"line":15,"column":17},"end":{"line":15,"column":49}},"19":{"start":{"line":15,"column":68},"end":{"line":15,"column":104}},"20":{"start":{"line":15,"column":142},"end":{"line":15,"column":187}},"21":{"start":{"line":15,"column":235},"end":{"line":15,"column":332}},"22":{"start":{"line":15,"column":274},"end":{"line":15,"column":331}},"23":{"start":{"line":15,"column":380},"end":{"line":15,"column":477}},"24":{"start":{"line":15,"column":390},"end":{"line":15,"column":476}},"25":{"start":{"line":15,"column":477},"end":{"line":15,"column":551}},"26":{"start":{"line":15,"column":592},"end":{"line":15,"column":745}},"27":{"start":{"line":15,"column":646},"end":{"line":15,"column":744}},"28":{"start":{"line":15,"column":745},"end":{"line":15,"column":892}},"29":{"start":{"line":15,"column":892},"end":{"line":15,"column":1001}},"30":{"start":{"line":15,"column":906},"end":{"line":15,"column":1001}},"31":{"start":{"line":17,"column":4},"end":{"line":24,"column":35}},"32":{"start":{"line":17,"column":25},"end":{"line":17,"column":51}},"33":{"start":{"line":17,"column":66},"end":{"line":17,"column":92}},"34":{"start":{"line":17,"column":92},"end":{"line":17,"column":198}},"35":{"start":{"line":17,"column":199},"end":{"line":24,"column":5}},"36":{"start":{"line":19,"column":0},"end":{"line":21,"column":60}},"37":{"start":{"line":24,"column":5},"end":{"line":24,"column":16}},"38":{"start":{"line":24,"column":36},"end":{"line":24,"column":56}},"39":{"start":{"line":26,"column":11},"end":{"line":29,"column":30}}},"fnMap":{"0":{"name":"(anonymous_0)","decl":{"start":{"line":1,"column":74},"end":{"line":1,"column":75}},"loc":{"start":{"line":1,"column":84},"end":{"line":1,"column":564}},"line":1},"1":{"name":"defineProperties","decl":{"start":{"line":1,"column":94},"end":{"line":1,"column":110}},"loc":{"start":{"line":1,"column":124},"end":{"line":1,"column":368}},"line":1},"2":{"name":"(anonymous_2)","decl":{"start":{"line":1,"column":375},"end":{"line":1,"column":376}},"loc":{"start":{"line":1,"column":419},"end":{"line":1,"column":562}},"line":1},"3":{"name":"_interopRequireDefault","decl":{"start":{"line":15,"column":114},"end":{"line":15,"column":136}},"loc":{"start":{"line":15,"column":141},"end":{"line":15,"column":188}},"line":15},"4":{"name":"_classCallCheck","decl":{"start":{"line":15,"column":197},"end":{"line":15,"column":212}},"loc":{"start":{"line":15,"column":234},"end":{"line":15,"column":333}},"line":15},"5":{"name":"_possibleConstructorReturn","decl":{"start":{"line":15,"column":342},"end":{"line":15,"column":368}},"loc":{"start":{"line":15,"column":379},"end":{"line":15,"column":552}},"line":15},"6":{"name":"_inherits","decl":{"start":{"line":15,"column":561},"end":{"line":15,"column":570}},"loc":{"start":{"line":15,"column":591},"end":{"line":15,"column":1002}},"line":15},"7":{"name":"(anonymous_7)","decl":{"start":{"line":17,"column":4},"end":{"line":17,"column":5}},"loc":{"start":{"line":17,"column":24},"end":{"line":24,"column":17}},"line":17},"8":{"name":"App","decl":{"start":{"line":17,"column":60},"end":{"line":17,"column":63}},"loc":{"start":{"line":17,"column":65},"end":{"line":17,"column":199}},"line":17},"9":{"name":"render","decl":{"start":{"line":17,"column":246},"end":{"line":17,"column":252}},"loc":{"start":{"line":18,"column":0},"end":{"line":24,"column":1}},"line":18}},"branchMap":{"0":{"loc":{"start":{"line":1,"column":203},"end":{"line":1,"column":231}},"type":"binary-expr","locations":[{"start":{"line":1,"column":203},"end":{"line":1,"column":224}},{"start":{"line":1,"column":226},"end":{"line":1,"column":231}}],"line":1},"1":{"loc":{"start":{"line":1,"column":261},"end":{"line":1,"column":310}},"type":"if","locations":[{"start":{"line":1,"column":261},"end":{"line":1,"column":310}},{"start":{"line":1,"column":261},"end":{"line":1,"column":310}}],"line":1},"2":{"loc":{"start":{"line":1,"column":420},"end":{"line":1,"column":485}},"type":"if","locations":[{"start":{"line":1,"column":420},"end":{"line":1,"column":485}},{"start":{"line":1,"column":420},"end":{"line":1,"column":485}}],"line":1},"3":{"loc":{"start":{"line":1,"column":485},"end":{"line":1,"column":542}},"type":"if","locations":[{"start":{"line":1,"column":485},"end":{"line":1,"column":542}},{"start":{"line":1,"column":485},"end":{"line":1,"column":542}}],"line":1},"4":{"loc":{"start":{"line":15,"column":149},"end":{"line":15,"column":186}},"type":"cond-expr","locations":[{"start":{"line":15,"column":169},"end":{"line":15,"column":172}},{"start":{"line":15,"column":173},"end":{"line":15,"column":186}}],"line":15},"5":{"loc":{"start":{"line":15,"column":149},"end":{"line":15,"column":168}},"type":"binary-expr","locations":[{"start":{"line":15,"column":149},"end":{"line":15,"column":152}},{"start":{"line":15,"column":154},"end":{"line":15,"column":168}}],"line":15},"6":{"loc":{"start":{"line":15,"column":235},"end":{"line":15,"column":332}},"type":"if","locations":[{"start":{"line":15,"column":235},"end":{"line":15,"column":332}},{"start":{"line":15,"column":235},"end":{"line":15,"column":332}}],"line":15},"7":{"loc":{"start":{"line":15,"column":380},"end":{"line":15,"column":477}},"type":"if","locations":[{"start":{"line":15,"column":380},"end":{"line":15,"column":477}},{"start":{"line":15,"column":380},"end":{"line":15,"column":477}}],"line":15},"8":{"loc":{"start":{"line":15,"column":484},"end":{"line":15,"column":550}},"type":"cond-expr","locations":[{"start":{"line":15,"column":541},"end":{"line":15,"column":545}},{"start":{"line":15,"column":546},"end":{"line":15,"column":550}}],"line":15},"9":{"loc":{"start":{"line":15,"column":484},"end":{"line":15,"column":540}},"type":"binary-expr","locations":[{"start":{"line":15,"column":484},"end":{"line":15,"column":488}},{"start":{"line":15,"column":491},"end":{"line":15,"column":513}},{"start":{"line":15,"column":515},"end":{"line":15,"column":539}}],"line":15},"10":{"loc":{"start":{"line":15,"column":592},"end":{"line":15,"column":745}},"type":"if","locations":[{"start":{"line":15,"column":592},"end":{"line":15,"column":745}},{"start":{"line":15,"column":592},"end":{"line":15,"column":745}}],"line":15},"11":{"loc":{"start":{"line":15,"column":595},"end":{"line":15,"column":644}},"type":"binary-expr","locations":[{"start":{"line":15,"column":595},"end":{"line":15,"column":625}},{"start":{"line":15,"column":627},"end":{"line":15,"column":644}}],"line":15},"12":{"loc":{"start":{"line":15,"column":778},"end":{"line":15,"column":810}},"type":"binary-expr","locations":[{"start":{"line":15,"column":778},"end":{"line":15,"column":788}},{"start":{"line":15,"column":790},"end":{"line":15,"column":810}}],"line":15},"13":{"loc":{"start":{"line":15,"column":892},"end":{"line":15,"column":1001}},"type":"if","locations":[{"start":{"line":15,"column":892},"end":{"line":15,"column":1001}},{"start":{"line":15,"column":892},"end":{"line":15,"column":1001}}],"line":15},"14":{"loc":{"start":{"line":15,"column":906},"end":{"line":15,"column":1000}},"type":"cond-expr","locations":[{"start":{"line":15,"column":928},"end":{"line":15,"column":970}},{"start":{"line":15,"column":971},"end":{"line":15,"column":1000}}],"line":15},"15":{"loc":{"start":{"line":17,"column":132},"end":{"line":17,"column":173}},"type":"binary-expr","locations":[{"start":{"line":17,"column":132},"end":{"line":17,"column":145}},{"start":{"line":17,"column":147},"end":{"line":17,"column":173}}],"line":17}},"s":{"0":0,"1":0,"2":0,"3":0,"4":0,"5":0,"6":0,"7":0,"8":0,"9":0,"10":0,"11":0,"12":0,"13":0,"14":0,"15":0,"16":0,"17":0,"18":0,"19":0,"20":0,"21":0,"22":0,"23":0,"24":0,"25":0,"26":0,"27":0,"28":0,"29":0,"30":0,"31":0,"32":0,"33":0,"34":0,"35":0,"36":0,"37":0,"38":0,"39":0},"f":{"0":0,"1":0,"2":0,"3":0,"4":0,"5":0,"6":0,"7":0,"8":0,"9":0},"b":{"0":[0,0],"1":[0,0],"2":[0,0],"3":[0,0],"4":[0,0],"5":[0,0],"6":[0,0],"7":[0,0],"8":[0,0],"9":[0,0,0],"10":[0,0],"11":[0,0],"12":[0,0],"13":[0,0],"14":[0,0],"15":[0,0]}}
,"C:\\Users\\Sirius\\Documents\\sandbox\\AwesomeProject\\AwesomeProject-master\\src\\screens\\TaskScreen.js": {"path":"C:\\Users\\Sirius\\Documents\\sandbox\\AwesomeProject\\AwesomeProject-master\\src\\screens\\TaskScreen.js","statementMap":{"0":{"start":{"line":1,"column":0},"end":{"line":1,"column":57}},"1":{"start":{"line":1,"column":57},"end":{"line":1,"column":86}},"2":{"start":{"line":1,"column":103},"end":{"line":1,"column":595}},"3":{"start":{"line":1,"column":154},"end":{"line":1,"column":396}},"4":{"start":{"line":1,"column":201},"end":{"line":1,"column":209}},"5":{"start":{"line":1,"column":210},"end":{"line":1,"column":261}},"6":{"start":{"line":1,"column":261},"end":{"line":1,"column":290}},"7":{"start":{"line":1,"column":290},"end":{"line":1,"column":339}},"8":{"start":{"line":1,"column":314},"end":{"line":1,"column":339}},"9":{"start":{"line":1,"column":339},"end":{"line":1,"column":395}},"10":{"start":{"line":1,"column":397},"end":{"line":1,"column":592}},"11":{"start":{"line":1,"column":449},"end":{"line":1,"column":514}},"12":{"start":{"line":1,"column":463},"end":{"line":1,"column":514}},"13":{"start":{"line":1,"column":514},"end":{"line":1,"column":571}},"14":{"start":{"line":1,"column":529},"end":{"line":1,"column":571}},"15":{"start":{"line":1,"column":571},"end":{"line":1,"column":590}},"16":{"start":{"line":1,"column":607},"end":{"line":1,"column":623}},"17":{"start":{"line":1,"column":636},"end":{"line":1,"column":666}},"18":{"start":{"line":2,"column":17},"end":{"line":2,"column":40}},"19":{"start":{"line":2,"column":78},"end":{"line":2,"column":123}},"20":{"start":{"line":2,"column":171},"end":{"line":2,"column":268}},"21":{"start":{"line":2,"column":210},"end":{"line":2,"column":267}},"22":{"start":{"line":2,"column":316},"end":{"line":2,"column":413}},"23":{"start":{"line":2,"column":326},"end":{"line":2,"column":412}},"24":{"start":{"line":2,"column":413},"end":{"line":2,"column":487}},"25":{"start":{"line":2,"column":528},"end":{"line":2,"column":681}},"26":{"start":{"line":2,"column":582},"end":{"line":2,"column":680}},"27":{"start":{"line":2,"column":681},"end":{"line":2,"column":828}},"28":{"start":{"line":2,"column":828},"end":{"line":2,"column":937}},"29":{"start":{"line":2,"column":842},"end":{"line":2,"column":937}},"30":{"start":{"line":6,"column":11},"end":{"line":10,"column":35}},"31":{"start":{"line":6,"column":51},"end":{"line":6,"column":84}},"32":{"start":{"line":6,"column":106},"end":{"line":6,"column":139}},"33":{"start":{"line":6,"column":139},"end":{"line":6,"column":259}},"34":{"start":{"line":6,"column":260},"end":{"line":10,"column":5}},"35":{"start":{"line":8,"column":0},"end":{"line":8,"column":54}},"36":{"start":{"line":10,"column":5},"end":{"line":10,"column":23}},"37":{"start":{"line":13,"column":11},"end":{"line":13,"column":32}}},"fnMap":{"0":{"name":"(anonymous_0)","decl":{"start":{"line":1,"column":103},"end":{"line":1,"column":104}},"loc":{"start":{"line":1,"column":113},"end":{"line":1,"column":593}},"line":1},"1":{"name":"defineProperties","decl":{"start":{"line":1,"column":123},"end":{"line":1,"column":139}},"loc":{"start":{"line":1,"column":153},"end":{"line":1,"column":397}},"line":1},"2":{"name":"(anonymous_2)","decl":{"start":{"line":1,"column":404},"end":{"line":1,"column":405}},"loc":{"start":{"line":1,"column":448},"end":{"line":1,"column":591}},"line":1},"3":{"name":"_interopRequireDefault","decl":{"start":{"line":2,"column":50},"end":{"line":2,"column":72}},"loc":{"start":{"line":2,"column":77},"end":{"line":2,"column":124}},"line":2},"4":{"name":"_classCallCheck","decl":{"start":{"line":2,"column":133},"end":{"line":2,"column":148}},"loc":{"start":{"line":2,"column":170},"end":{"line":2,"column":269}},"line":2},"5":{"name":"_possibleConstructorReturn","decl":{"start":{"line":2,"column":278},"end":{"line":2,"column":304}},"loc":{"start":{"line":2,"column":315},"end":{"line":2,"column":488}},"line":2},"6":{"name":"_inherits","decl":{"start":{"line":2,"column":497},"end":{"line":2,"column":506}},"loc":{"start":{"line":2,"column":527},"end":{"line":2,"column":938}},"line":2},"7":{"name":"(anonymous_7)","decl":{"start":{"line":6,"column":30},"end":{"line":6,"column":31}},"loc":{"start":{"line":6,"column":50},"end":{"line":10,"column":24}},"line":6},"8":{"name":"TaskScreen","decl":{"start":{"line":6,"column":93},"end":{"line":6,"column":103}},"loc":{"start":{"line":6,"column":105},"end":{"line":6,"column":260}},"line":6},"9":{"name":"render","decl":{"start":{"line":6,"column":314},"end":{"line":6,"column":320}},"loc":{"start":{"line":7,"column":0},"end":{"line":10,"column":1}},"line":7}},"branchMap":{"0":{"loc":{"start":{"line":1,"column":232},"end":{"line":1,"column":260}},"type":"binary-expr","locations":[{"start":{"line":1,"column":232},"end":{"line":1,"column":253}},{"start":{"line":1,"column":255},"end":{"line":1,"column":260}}],"line":1},"1":{"loc":{"start":{"line":1,"column":290},"end":{"line":1,"column":339}},"type":"if","locations":[{"start":{"line":1,"column":290},"end":{"line":1,"column":339}},{"start":{"line":1,"column":290},"end":{"line":1,"column":339}}],"line":1},"2":{"loc":{"start":{"line":1,"column":449},"end":{"line":1,"column":514}},"type":"if","locations":[{"start":{"line":1,"column":449},"end":{"line":1,"column":514}},{"start":{"line":1,"column":449},"end":{"line":1,"column":514}}],"line":1},"3":{"loc":{"start":{"line":1,"column":514},"end":{"line":1,"column":571}},"type":"if","locations":[{"start":{"line":1,"column":514},"end":{"line":1,"column":571}},{"start":{"line":1,"column":514},"end":{"line":1,"column":571}}],"line":1},"4":{"loc":{"start":{"line":2,"column":85},"end":{"line":2,"column":122}},"type":"cond-expr","locations":[{"start":{"line":2,"column":105},"end":{"line":2,"column":108}},{"start":{"line":2,"column":109},"end":{"line":2,"column":122}}],"line":2},"5":{"loc":{"start":{"line":2,"column":85},"end":{"line":2,"column":104}},"type":"binary-expr","locations":[{"start":{"line":2,"column":85},"end":{"line":2,"column":88}},{"start":{"line":2,"column":90},"end":{"line":2,"column":104}}],"line":2},"6":{"loc":{"start":{"line":2,"column":171},"end":{"line":2,"column":268}},"type":"if","locations":[{"start":{"line":2,"column":171},"end":{"line":2,"column":268}},{"start":{"line":2,"column":171},"end":{"line":2,"column":268}}],"line":2},"7":{"loc":{"start":{"line":2,"column":316},"end":{"line":2,"column":413}},"type":"if","locations":[{"start":{"line":2,"column":316},"end":{"line":2,"column":413}},{"start":{"line":2,"column":316},"end":{"line":2,"column":413}}],"line":2},"8":{"loc":{"start":{"line":2,"column":420},"end":{"line":2,"column":486}},"type":"cond-expr","locations":[{"start":{"line":2,"column":477},"end":{"line":2,"column":481}},{"start":{"line":2,"column":482},"end":{"line":2,"column":486}}],"line":2},"9":{"loc":{"start":{"line":2,"column":420},"end":{"line":2,"column":476}},"type":"binary-expr","locations":[{"start":{"line":2,"column":420},"end":{"line":2,"column":424}},{"start":{"line":2,"column":427},"end":{"line":2,"column":449}},{"start":{"line":2,"column":451},"end":{"line":2,"column":475}}],"line":2},"10":{"loc":{"start":{"line":2,"column":528},"end":{"line":2,"column":681}},"type":"if","locations":[{"start":{"line":2,"column":528},"end":{"line":2,"column":681}},{"start":{"line":2,"column":528},"end":{"line":2,"column":681}}],"line":2},"11":{"loc":{"start":{"line":2,"column":531},"end":{"line":2,"column":580}},"type":"binary-expr","locations":[{"start":{"line":2,"column":531},"end":{"line":2,"column":561}},{"start":{"line":2,"column":563},"end":{"line":2,"column":580}}],"line":2},"12":{"loc":{"start":{"line":2,"column":714},"end":{"line":2,"column":746}},"type":"binary-expr","locations":[{"start":{"line":2,"column":714},"end":{"line":2,"column":724}},{"start":{"line":2,"column":726},"end":{"line":2,"column":746}}],"line":2},"13":{"loc":{"start":{"line":2,"column":828},"end":{"line":2,"column":937}},"type":"if","locations":[{"start":{"line":2,"column":828},"end":{"line":2,"column":937}},{"start":{"line":2,"column":828},"end":{"line":2,"column":937}}],"line":2},"14":{"loc":{"start":{"line":2,"column":842},"end":{"line":2,"column":936}},"type":"cond-expr","locations":[{"start":{"line":2,"column":864},"end":{"line":2,"column":906}},{"start":{"line":2,"column":907},"end":{"line":2,"column":936}}],"line":2},"15":{"loc":{"start":{"line":6,"column":179},"end":{"line":6,"column":234}},"type":"binary-expr","locations":[{"start":{"line":6,"column":179},"end":{"line":6,"column":199}},{"start":{"line":6,"column":201},"end":{"line":6,"column":234}}],"line":6}},"s":{"0":0,"1":0,"2":0,"3":0,"4":0,"5":0,"6":0,"7":0,"8":0,"9":0,"10":0,"11":0,"12":0,"13":0,"14":0,"15":0,"16":0,"17":0,"18":0,"19":0,"20":0,"21":0,"22":0,"23":0,"24":0,"25":0,"26":0,"27":0,"28":0,"29":0,"30":0,"31":0,"32":0,"33":0,"34":0,"35":0,"36":0,"37":0},"f":{"0":0,"1":0,"2":0,"3":0,"4":0,"5":0,"6":0,"7":0,"8":0,"9":0},"b":{"0":[0,0],"1":[0,0],"2":[0,0],"3":[0,0],"4":[0,0],"5":[0,0],"6":[0,0],"7":[0,0],"8":[0,0],"9":[0,0,0],"10":[0,0],"11":[0,0],"12":[0,0],"13":[0,0],"14":[0,0],"15":[0,0]}}
,"C:\\Users\\Sirius\\Documents\\sandbox\\AwesomeProject\\AwesomeProject-master\\src\\screens\\introscreen.js": {"path":"C:\\Users\\Sirius\\Documents\\sandbox\\AwesomeProject\\AwesomeProject-master\\src\\screens\\introscreen.js","statementMap":{"0":{"start":{"line":37,"column":4},"end":{"line":59,"column":6}},"1":{"start":{"line":67,"column":15},"end":{"line":119,"column":2}}},"fnMap":{"0":{"name":"(anonymous_0)","decl":{"start":{"line":35,"column":2},"end":{"line":35,"column":3}},"loc":{"start":{"line":35,"column":11},"end":{"line":61,"column":3}},"line":35}},"branchMap":{},"s":{"0":0,"1":1},"f":{"0":0},"b":{},"_coverageSchema":"332fd63041d2c1bcb487cc26dd0d5f7d97098a6c","hash":"c2d3746efe45ce19bb966c59f4f2f29b5487aed6"}
}
